[    0.000000] Linux version 4.150-45-generic (buildd@lgw01-amd64-031) (gcc version 7.3.0 (Ubuntu 7.3.0-16ubuntu3)) #48-Ubuntu SMP Tue Jan 29 16:28:13 UTC 2019 (Ubuntu 4.15.0-45.48-generic 4.15.18)
[    0.000000] Command line: BOOT_IMAGE=/boot/vmlinuz-4.15.0-45-generic root=UUID=6d1c383c-39d5-4f00-a7aa-122d162d6429 ro console=tty1 console=ttyS0
[    0.000000]ERNEL supportedpus:
[    0.000000]   Intel GenuieIntel
[    0.00000]   AD AuhenticMD
[   0.0000]   enur Centaurauls
[    0.000000] x86/fpu: Supporting XSAVE feature 0x001: 'x87 floating point registers'
[    0.000000] x86/fpu: Supporting XSAVE feature 0x002: 'SSE registers'
[    0.000000] x86/fpu: Supporting XSAVE feature 0x004: 'AVX registers'
[    0.000000] x86/fpu: xstate_offset[2]:  576, xstate_sizes[2]:  256
[    0.00000] x86/fpu Eabled xsat featuesx7, cotet si i 832byes, using'sanard' frmat.
[    0.000000] e820: BIOS-provided physical RAM map:
[    0.000000] BIOS-e820: [mem 0x0000000000000000-0x000000000009fbff] usable
[    0.000000] BIOS-e820: [mem 0x000000000009fc00-0x000000000009ffff] reserved
    0.0000] BIO-e20: [mem 0x00000000000f0000-0x00000000000fffff] reserved
[    0.000000] BIOS-e820: [mem 0x0000000000100000-0x000000003ffeffff] usable
[    0.000000] BIOS-e820: [mem 0x000000003fff0000-0x000000003ffffffff] ACPI data
[    0.000000] BIOS-e820: [mem 0x00000000fec00000-0x00000000fec00fff] reserved
[    0.000000] BIOS-e820: [mem 0x00000000fee00000-0x00000000fee00fff] reserved
[    0.000000] BIOS-e820: [mem 0x00000000fffc0000-0x00000000ffffffff] reserved
[    0.000000] NX (Execute Disable) protection: active
[    0.000000] SMBIOS 2.5 present.
[    0.000000] DMI: innotek GmbH VirtualBox/VirtualBox, BIOS VirtualBox 12/01/2006
[    0.000000] Hypervisor detected: KVM
[    0.000000] e820: last_pfn = 0x3fff0 max_arch_pfn = 0x400000000
[    0.000000] MTRR: Disabled
[    0.000000] x86/PAT: MTRRs disabled, skipping PAT initialization too.
[    0.000000] CPU MTRRs all blank - virtualized system.
[    0.000000] x86/PAT: Configuration [0-7]: WB  WT  UC- UC  WB  WT  UC- UC  
[    0.000000] found SMP MP-table at [mem 0x0009fff0-0x0009ffff] mapped at [        (ptrval)]
[    0.000000] Scanning 1 areas for low memory corruption
[    0.000000] RAMDISK: [mem 0x359d5000-0x36ce1fff]
[    0.000000] ACPI: Early table checksum verification disabled
[    0.000000] ACPI: RSDP 0x00000000000E0000 000024 (v02 VBOX  )
[    0.000000] ACPI: XSDT 0x000000003FFF0030 00003C (v01 VBOX   VBOXXSDT 00000001 ASL  00000061)
[    0.000000] ACPI: FACP 0x000000003FFF00F0 0000F4 (v04 VBOX   VBOXFACP 00000001 ASL  00000061)
[    0.000000] ACPI: DSDT 0x000000003FFF0470 0021FF (v02 VBOX   VBOXBIOS 00000002 INTL 20100528)
[    0.000000] ACPI: FACS 0x000000003FFF0200 000040
[    0.000000] ACPI: FACS 0x000000003FFF0200 000040
[   0.0000]ACPI: APIC 00000003FFF0240 00005C (v02 VOX  VBOXPI 00000001 SL 00000061)
[    0.000000] ACPI: SSDT 0x000000003FFF02A0 0001CC (v01 VBOX   VBOXCPUT 00000002 INTL 20100528)
[    0.000000] No NUMA configuration found
[    0.000] Faknga ne t [mem0x000000000000000-0x000000003ffeffff]
[    0.000000] NODE_DATA(0) allocated [mem 0x3ffc50000x3feffff]
[    0.000000] kvm-clock: cpu 0, msr 0:3ff44001, primary cpu clock
[    0.000000] kvm-clock: Using msrs 4b564d01 and 4b564d00
[    0.000000] kvm-clock: using sched offset of 4329132053 cycles
[    0.000000] clockouce: vmlock: mask: 0xffffffffffff mx_cyle 0x1cd42dffb, max_idle_ns: 881590591483 ns
[    0.000000] Zone ranges:
[    0.000000]   DMA      [mem 0x0000000000001000-0x0000000000ffffff]
[    0.000000]   DMA32    [mem 0x0000000001000000-0x000000003ffeffff]
[    0.000000]   Normal   empty
[     0.000000]   Device   empty
[    0.000000] Movable zone start for each node
[    0.000000] Early memory node ranges
[    0.000000]   node   0: [mem0x000000000001000-0x000000000009efff]
[    0.000000]   node   0: [mem 0x0000000000100000-0x000000003ffeffff]
[    0.000000] Reserved but unavailable: 114 pages
[    0.000000] Initmem setup node 0 [mem 0x0000000000001000-0x000000003ffeffff]
[    0.000000] ACPI: PM-Timer IO Port: 0x4008
[    0.000000] IOAPIC[0]: apic_id 2, version 32, address 0xfec00000, GSI 0-23
[    0.000000]  ACPI: INT_SRC_OVR (bus 0 bus_irq 0 global_irq 2 dfl dfl)
[    0.000000] ACPI: INT_SRC_OVR (bus 0 bus_irq 9 global_irq 9 low level)
[    0.000000] Using ACPI (MADT) for SMP configuration information
[    0.000000] smpboot: Allowing 2 CPUs, 0 hotplug CPUs
[    0.000000] PM: Registered nosave memory: [mem 0x00000000-0x00000fff]
[    0.000000] PM: Registered nosave memory: [mem 0x0009f000-0x0009ffff]
[    0.000000] PM: Registered nosave memory: [mem 0x000a0000-0x000effff]
[    0.000000] PM: Registered nosave memory: [mem 0x000f0000-0x000fffff]
[    0.000000] e820: [mem 0x40000000-0xfebfffff] available for PCI devices
[    0.000000] Booting paravirtualized kernel on KVM
[    0.000000] clocksource: refined-jiffies: mask: 0xffffffff max_cycles: 0xffffffff, max_idle_ns: 7645519600211568 ns
[   0.000000] random: get_random_bytes called from start_kernel+0x99/0x4fd with crng_init=0
[    0.000000] setup_percpu: NR_CPUS:8192 nr_cpumask_bits:2 nr_cpu_ids:2 nr_node_ids:1
[    0.000000] percpu: Embedded 46 pages/cpu @        (ptrval) s151552 r8192 d28672 u1048576
[    0.000000] PVqspilock hah ableentries: 26 order: 0 46 byes
[    0.000000] Built 1 zonelists, mobility gropig on.  Total pages: 257913
[    0.000000] Policy zone: DMA32
[    0.000000] Kernel command line: BOOT_IMAGE=/boot/vmlinuz-4.15.0-45-generic root=UUID=6d1c383c-39d5-4f00-a7aa-122d162d6429 ro console=tty1 console=ttyS0
[    0.000000] Memory: 983076K/1048120K available (12300K kernel code, 2473K rwdata, 4252K rodata, 2408K init, 2416K bss, 65044K reserved, 0K cma-reserved)
[    0.000000] SLUB: HWalign=64, Order=0-3, MinObjects=0, CPUs=2, Nodes=1
[    0.000000] Kernel/User page tables isolation: enabled
[    0.000000] ftrace: allocating 39194 entries in 154 pages
[    0.004000] Hierarchical RCU implementation.
[    0.004000]	R resritig CPs rom NR_CPUS=92 to nr_cpuids=2.
   0.00400 	TaksRCU enbl.
[  0004000] RCU: Adjustig eometry for rcu_fanout_leaf=16, nr_cpu_ids=2
[    0.004000] NR_IRQS: 524544, nr_irqs: 440, preallocated irqs: 16
[    0.004000] Console: colour VGA+ 80x25
[    0.004000] console [tty1] enabled
[    0.004000] console [ttyS0] enabled
[    0.004000] ACPI: Core revision 20170831
[    0.004000] ACPI: 2 ACPI AML tables succssfully acquired and loaded
[    0.004000] APIC: Switch to symmetric I/O mode setup
[    0.004272] x2apic enabled
[    0.005341] Switched APIC routing to physical x2apic.
[    0.007632] ..TIMER: vector=0x30 apic1=0 pin1=2 apic2=-1 pin2=-1
[    0.008004] tsc: Detected 2304.000 MHz processor
[    0.009340] Calibrating delay loop (skipped) preset value.. 4608.00 BogoMIPS (lpj=9216000)
[    0.012007] pid_max: default: 32768 minimum: 301
[    0.013234] Security Framework initialized
[    0.014285] Yama: becoming mindful.
[    0.016041] AppArmor: AppArmor initialized
[    0.018897] Dentry cache hash table entries: 131072 (order: 8, 1048576 bytes)
[    0.020062] Inode-cache hash table entries: 65536 (order: 7, 524288 bytes)
[    0.021779] Mount-cache hash table entries: 2048 (order: 2, 16384 bytes)
[    0.024033] Mountpoint-cache hash table entries: 2048 (order: 2, 16384 bytes)
[    0.025997] mce: CPU supports 0 MCE banks
[    0.028033] Last level iTLB entries: 4KB 64, 2MB 8, 4MB 8
[    0.029377] Last level dTLB entries: 4KB 64, 2MB 0, 4MB 0, 1GB 4
[    0.030836] Spectre V2 : Mitigation: Full generic retpoline
[    0.032003] Spectre V2 : Spectre v2 / SpectreRSB mitigation: Filling RSB on context switch
[    0.034057] Speculative Store Bypass: Vulnerable
[    0.035339] Freeing SMP alternatives memory: 36K
[    0.040000] smpboot: CPU0: Intel(R) Core(TM) i5-8259U CPU @ 2.30GHz (family: 0x6, model: 0x8e, stepping: 0xa)
[    0.040000] Performance Events: unsupported p6 CPU model 142 no PMU driver, software events only.
[    0.040069] Hierarchical SRCU implementation.
[    0.041759] NMI watchdog: Perf event create on CPU 0 failed with -2
[    0.044003] NMI watchdog: Perf NMI watchdog permanently disabled
[    0.048091] smp: Bringing up secondary CPUs ...
[    0.049378] x86: Booting SMP configuration:
[    0.052004] .... node  #0, CPUs:      #1
[    0.004000] kvm-clock: cpu 1, msr 0:3ff44041, secondary cpu clock
[    0.004000] mce: CPU supports 0 MCE banks
[    0.064063] smp: Brought up 1 node, 2 CPUs
[    0.068031] smpboot: Max logical packages: 1
[    0.072008] smpboot: Total of 2 processors activated (9216.00 BogoMIPS)
[    0.076161] devtmpfs: initialized
[    0.080070] x86/mm: Memory block size: 128MB
[    0.081446] evm: security.selinux
[    0.084005] evm: security.SMACK64
[    0.084895] evm: security.SMACK64EXEC
[    0.086015] evm: security.SMACK64TRANSMUTE
[    0.087131] evm: security.SMACK64MMAP
[    0.088004] evm: security.apparmor
[    0.088918] evm: security.ima
[    0.089721] evm: security.capability
[    0.092027] clocksource: jiffies: mask: 0xffffffff max_cycles: 0xffffffff, max_idle_ns: 7645041785100000 ns
[    0.096021] futex hash table entries: 512 (order: 3, 32768 bytes)
[    0.097882] pinctrl core: initialized pinctrl subsystem
[    0.100139] RTC time:  1:57:30, date: 02/13/19
[    0.101484] NET: Registered protocol family 16
[    0.104080] audit: initializing netlink subsys (disabled)
[    0.108022] audit: type=2000 audit(1550023051.941:1): state=initialized audit_enabled=0 res=1
[    0.108173] cpuidle: using governor ladder
[    0.109119] cpuidle: using governor menu
[    0.112048] ACPI: bus type PCI registered
[    0.113100] acpiphp: ACPI Hot Plug PCI Controller Driver version: 0.5
[    0.114937] PCI: Using configuration type 1 for base access
[    0.116939] HugeTLB registered 2.00 MiB page size, pre-allocated 0 pages
[    0.120171] ACPI: Added _OSI(Module Device)
[    0.122950] ACPI: Added _OSI(Processor Device)
[    0.124005] ACPI: Added _OSI(3.0 _SCP Extensions)
[    0.125237] ACPI: Added _OSI(Processor Aggregator Device)
[    0.126620] ACPI: Added _OSI(Linux-Dell-Video)
[    0.128012] ACPI: Added _OSI(Linux-Lenovo-NV-HDMI-Audio)
[    0.129354] ACPI: Added _OSI(Linux-HPI-Hybrid-Graphics)
[    0.131711] ACPI: Executed 1 blocks of module-level executable AML code
[    0.136847] ACPI: Interpreter enabled
[    0.140033] ACPI: (supports S0 S5)
[    0.141157] ACPI: Using IOAPIC for interrupt routing
[    0.144220] PCI: Using host bridge windows from